<?xml version="1.0" encoding="UTF-8"?>
<testsuite name="AssignmentsTest" tests="6" skipped="0" failures="0" errors="0" timestamp="2018-12-05T02:46:25" hostname="Saginis-MBP.home" time="0.009">
  <properties/>
  <testcase name="adultsWithAgeGreaterThanOrEqualToEighteen()" classname="AssignmentsTest" time="0.002"/>
  <testcase name="checkIfTheListShouldNotContainSwiftFox()" classname="AssignmentsTest" time="0.002"/>
  <testcase name="checkIfTheListIsEmpty()" classname="AssignmentsTest" time="0.0"/>
  <testcase name="adultsReturnNoElements()" classname="AssignmentsTest" time="0.0"/>
  <testcase name="adultsReturnOneElements()" classname="AssignmentsTest" time="0.0"/>
  <testcase name="checkIfTheListIsNull()" classname="AssignmentsTest" time="0.001"/>
  <system-out><![CDATA[]]></system-out>
  <system-err><![CDATA[]]></system-err>
</testsuite>
