<?xml version="1.0" encoding="UTF-8"?>
<testsuite name="AssignmentTwoTest" tests="2" skipped="0" failures="0" errors="0" timestamp="2018-12-05T02:46:25" hostname="Saginis-MBP.home" time="0.021">
  <properties/>
  <testcase name="pluckReturnsOneValueForOneInput()" classname="AssignmentTwoTest" time="0.019"/>
  <testcase name="pluckReturnEmptyListForNull()" classname="AssignmentTwoTest" time="0.001"/>
  <system-out><![CDATA[]]></system-out>
  <system-err><![CDATA[]]></system-err>
</testsuite>
