<?xml version="1.0" encoding="UTF-8"?>
<testsuite name="LibraryTest" tests="5" skipped="0" failures="0" errors="0" timestamp="2018-12-05T02:46:25" hostname="Saginis-MBP.home" time="0.016">
  <properties/>
  <testcase name="removeShortWordsRemovesOneKeepsOne()" classname="LibraryTest" time="0.008"/>
  <testcase name="removeShortWordsRemovesAllBs()" classname="LibraryTest" time="0.002"/>
  <testcase name="removeShortWordsRemovesNullElements()" classname="LibraryTest" time="0.001"/>
  <testcase name="removeShortWordReturnFalseForEmptyString()" classname="LibraryTest" time="0.0"/>
  <testcase name="shortWordReturnTrueFor()" classname="LibraryTest" time="0.001"/>
  <system-out><![CDATA[]]></system-out>
  <system-err><![CDATA[]]></system-err>
</testsuite>
